<?xml version="1.0" encoding="UTF-8"?>
<testng-results skipped="0" failed="0" ignored="0" total="3" passed="3">
  <reporter-output>
  </reporter-output>
  <suite name="Default suite" duration-ms="57129" started-at="2020-01-27T17:00:58Z" finished-at="2020-01-27T17:01:55Z">
    <groups>
      <group name="ChromeWin32">
        <method signature="XboxDuskamo.xboxDuskTopGames()[pri:2, instance:xbox.testcases.XboxDuskamo@49993335]" name="xboxDuskTopGames" class="xbox.testcases.XboxDuskamo"/>
        <method signature="XboxDuskamo.xboxDuskamoCheck()[pri:1, instance:xbox.testcases.XboxDuskamo@49993335]" name="xboxDuskamoCheck" class="xbox.testcases.XboxDuskamo"/>
        <method signature="XboxDuskamo.xboxSearchValidateDuskamoTest()[pri:0, instance:xbox.testcases.XboxDuskamo@49993335]" name="xboxSearchValidateDuskamoTest" class="xbox.testcases.XboxDuskamo"/>
      </group> <!-- ChromeWin32 -->
    </groups>
    <test name="Default test" duration-ms="57129" started-at="2020-01-27T17:00:58Z" finished-at="2020-01-27T17:01:55Z">
      <class name="xbox.testcases.XboxDuskamo">
        <test-method status="PASS" signature="f()[pri:0, instance:xbox.testcases.XboxDuskamo@49993335]" name="f" is-config="true" duration-ms="8" started-at="2020-01-27T17:00:58Z" finished-at="2020-01-27T17:00:58Z">
          <reporter-output>
          </reporter-output>
        </test-method> <!-- f -->
        <test-method status="PASS" signature="setUpBrowser(java.lang.String, java.lang.String, java.lang.String, java.lang.String)[pri:0, instance:xbox.testcases.XboxDuskamo@49993335]" name="setUpBrowser" is-config="true" duration-ms="5550" started-at="2020-01-27T17:00:58Z" finished-at="2020-01-27T17:01:04Z">
          <params>
            <param index="0">
              <value>
                <![CDATA[chrome]]>
              </value>
            </param>
            <param index="1">
              <value>
                <![CDATA[false]]>
              </value>
            </param>
            <param index="2">
              <value>
                <![CDATA[0]]>
              </value>
            </param>
            <param index="3">
              <value>
                <![CDATA[0]]>
              </value>
            </param>
          </params>
          <reporter-output>
          </reporter-output>
        </test-method> <!-- setUpBrowser -->
        <test-method status="PASS" signature="xboxSearchValidateDuskamoTest()[pri:0, instance:xbox.testcases.XboxDuskamo@49993335]" name="xboxSearchValidateDuskamoTest" duration-ms="16109" started-at="2020-01-27T17:01:04Z" finished-at="2020-01-27T17:01:20Z">
          <reporter-output>
          </reporter-output>
        </test-method> <!-- xboxSearchValidateDuskamoTest -->
        <test-method status="PASS" signature="tearDown()[pri:0, instance:xbox.testcases.XboxDuskamo@49993335]" name="tearDown" is-config="true" duration-ms="2633" started-at="2020-01-27T17:01:20Z" finished-at="2020-01-27T17:01:22Z">
          <reporter-output>
          </reporter-output>
        </test-method> <!-- tearDown -->
        <test-method status="PASS" signature="setUpBrowser(java.lang.String, java.lang.String, java.lang.String, java.lang.String)[pri:0, instance:xbox.testcases.XboxDuskamo@49993335]" name="setUpBrowser" is-config="true" duration-ms="5019" started-at="2020-01-27T17:01:22Z" finished-at="2020-01-27T17:01:27Z">
          <params>
            <param index="0">
              <value>
                <![CDATA[chrome]]>
              </value>
            </param>
            <param index="1">
              <value>
                <![CDATA[false]]>
              </value>
            </param>
            <param index="2">
              <value>
                <![CDATA[0]]>
              </value>
            </param>
            <param index="3">
              <value>
                <![CDATA[0]]>
              </value>
            </param>
          </params>
          <reporter-output>
          </reporter-output>
        </test-method> <!-- setUpBrowser -->
        <test-method status="PASS" signature="xboxDuskamoCheck()[pri:1, instance:xbox.testcases.XboxDuskamo@49993335]" name="xboxDuskamoCheck" duration-ms="16121" started-at="2020-01-27T17:01:27Z" finished-at="2020-01-27T17:01:44Z">
          <reporter-output>
          </reporter-output>
        </test-method> <!-- xboxDuskamoCheck -->
        <test-method status="PASS" signature="tearDown()[pri:0, instance:xbox.testcases.XboxDuskamo@49993335]" name="tearDown" is-config="true" duration-ms="2633" started-at="2020-01-27T17:01:44Z" finished-at="2020-01-27T17:01:46Z">
          <reporter-output>
          </reporter-output>
        </test-method> <!-- tearDown -->
        <test-method status="PASS" signature="setUpBrowser(java.lang.String, java.lang.String, java.lang.String, java.lang.String)[pri:0, instance:xbox.testcases.XboxDuskamo@49993335]" name="setUpBrowser" is-config="true" duration-ms="5013" started-at="2020-01-27T17:01:46Z" finished-at="2020-01-27T17:01:51Z">
          <params>
            <param index="0">
              <value>
                <![CDATA[chrome]]>
              </value>
            </param>
            <param index="1">
              <value>
                <![CDATA[false]]>
              </value>
            </param>
            <param index="2">
              <value>
                <![CDATA[0]]>
              </value>
            </param>
            <param index="3">
              <value>
                <![CDATA[0]]>
              </value>
            </param>
          </params>
          <reporter-output>
          </reporter-output>
        </test-method> <!-- setUpBrowser -->
        <test-method status="PASS" signature="xboxDuskTopGames()[pri:2, instance:xbox.testcases.XboxDuskamo@49993335]" name="xboxDuskTopGames" duration-ms="1394" started-at="2020-01-27T17:01:51Z" finished-at="2020-01-27T17:01:53Z">
          <reporter-output>
          </reporter-output>
        </test-method> <!-- xboxDuskTopGames -->
        <test-method status="PASS" signature="tearDown()[pri:0, instance:xbox.testcases.XboxDuskamo@49993335]" name="tearDown" is-config="true" duration-ms="2635" started-at="2020-01-27T17:01:53Z" finished-at="2020-01-27T17:01:55Z">
          <reporter-output>
          </reporter-output>
        </test-method> <!-- tearDown -->
      </class> <!-- xbox.testcases.XboxDuskamo -->
    </test> <!-- Default test -->
  </suite> <!-- Default suite -->
</testng-results>
