<?xml version="1.0" encoding="UTF-8"?>
<!-- Generated by org.testng.reporters.JUnitXMLReporter -->
<testsuite hostname="PRFT-14643" ignored="0" name="Default test" tests="3" failures="0" timestamp="27 Jan 2020 17:01:55 GMT" time="57.129" errors="0">
  <testcase name="xboxSearchValidateDuskamoTest" time="16.109" classname="xbox.testcases.XboxDuskamo"/>
  <testcase name="xboxDuskamoCheck" time="16.121" classname="xbox.testcases.XboxDuskamo"/>
  <testcase name="xboxDuskTopGames" time="1.394" classname="xbox.testcases.XboxDuskamo"/>
</testsuite> <!-- Default test -->
